[30-Oct-2025 14:50:21 UTC] missing_token Unable to send request to WooCommerce Tax server. WordPress.com token is missing (fetch_service_schemas_from_connect_server)
[30-Oct-2025 14:50:22 UTC] missing_token Unable to send request to WooCommerce Tax server. WordPress.com token is missing (fetch_service_schemas_from_connect_server)
[30-Oct-2025 14:50:26 UTC] missing_token Unable to send request to WooCommerce Tax server. WordPress.com token is missing (fetch_service_schemas_from_connect_server)
[30-Oct-2025 14:50:29 UTC] missing_token Unable to send request to WooCommerce Tax server. WordPress.com token is missing (fetch_service_schemas_from_connect_server)
[30-Oct-2025 14:50:52 UTC] PHP Notice:  Function wp_script_is was called <strong>incorrectly</strong>. Scripts and styles should not be registered or enqueued until the <code>wp_enqueue_scripts</code>, <code>admin_enqueue_scripts</code>, or <code>login_enqueue_scripts</code> hooks. This notice was triggered by the <code>flexslider</code> handle. Please see <a href="https://developer.wordpress.org/advanced-administration/debug/debug-wordpress/">Debugging in WordPress</a> for more information. (This message was added in version 3.3.0.) in /Users/dominikgajdos/Local Sites/brandlyelidominik/app/public/wp-includes/functions.php on line 6121
[30-Oct-2025 14:50:52 UTC] PHP Notice:  Function wp_script_is was called <strong>incorrectly</strong>. Scripts and styles should not be registered or enqueued until the <code>wp_enqueue_scripts</code>, <code>admin_enqueue_scripts</code>, or <code>login_enqueue_scripts</code> hooks. This notice was triggered by the <code>jquery-blockui</code> handle. Please see <a href="https://developer.wordpress.org/advanced-administration/debug/debug-wordpress/">Debugging in WordPress</a> for more information. (This message was added in version 3.3.0.) in /Users/dominikgajdos/Local Sites/brandlyelidominik/app/public/wp-includes/functions.php on line 6121
[30-Oct-2025 14:50:52 UTC] PHP Notice:  Function wp_script_is was called <strong>incorrectly</strong>. Scripts and styles should not be registered or enqueued until the <code>wp_enqueue_scripts</code>, <code>admin_enqueue_scripts</code>, or <code>login_enqueue_scripts</code> hooks. This notice was triggered by the <code>jquery-cookie</code> handle. Please see <a href="https://developer.wordpress.org/advanced-administration/debug/debug-wordpress/">Debugging in WordPress</a> for more information. (This message was added in version 3.3.0.) in /Users/dominikgajdos/Local Sites/brandlyelidominik/app/public/wp-includes/functions.php on line 6121
[30-Oct-2025 14:50:52 UTC] PHP Notice:  Function wp_script_is was called <strong>incorrectly</strong>. Scripts and styles should not be registered or enqueued until the <code>wp_enqueue_scripts</code>, <code>admin_enqueue_scripts</code>, or <code>login_enqueue_scripts</code> hooks. This notice was triggered by the <code>jquery-payment</code> handle. Please see <a href="https://developer.wordpress.org/advanced-administration/debug/debug-wordpress/">Debugging in WordPress</a> for more information. (This message was added in version 3.3.0.) in /Users/dominikgajdos/Local Sites/brandlyelidominik/app/public/wp-includes/functions.php on line 6121
[30-Oct-2025 14:50:52 UTC] PHP Notice:  Function wp_script_is was called <strong>incorrectly</strong>. Scripts and styles should not be registered or enqueued until the <code>wp_enqueue_scripts</code>, <code>admin_enqueue_scripts</code>, or <code>login_enqueue_scripts</code> hooks. This notice was triggered by the <code>jquery-tiptip</code> handle. Please see <a href="https://developer.wordpress.org/advanced-administration/debug/debug-wordpress/">Debugging in WordPress</a> for more information. (This message was added in version 3.3.0.) in /Users/dominikgajdos/Local Sites/brandlyelidominik/app/public/wp-includes/functions.php on line 6121
[30-Oct-2025 14:50:52 UTC] PHP Notice:  Function wp_script_is was called <strong>incorrectly</strong>. Scripts and styles should not be registered or enqueued until the <code>wp_enqueue_scripts</code>, <code>admin_enqueue_scripts</code>, or <code>login_enqueue_scripts</code> hooks. This notice was triggered by the <code>js-cookie</code> handle. Please see <a href="https://developer.wordpress.org/advanced-administration/debug/debug-wordpress/">Debugging in WordPress</a> for more information. (This message was added in version 3.3.0.) in /Users/dominikgajdos/Local Sites/brandlyelidominik/app/public/wp-includes/functions.php on line 6121
[30-Oct-2025 14:50:52 UTC] PHP Notice:  Function wp_script_is was called <strong>incorrectly</strong>. Scripts and styles should not be registered or enqueued until the <code>wp_enqueue_scripts</code>, <code>admin_enqueue_scripts</code>, or <code>login_enqueue_scripts</code> hooks. This notice was triggered by the <code>photoswipe</code> handle. Please see <a href="https://developer.wordpress.org/advanced-administration/debug/debug-wordpress/">Debugging in WordPress</a> for more information. (This message was added in version 3.3.0.) in /Users/dominikgajdos/Local Sites/brandlyelidominik/app/public/wp-includes/functions.php on line 6121
[30-Oct-2025 14:50:52 UTC] PHP Notice:  Function wp_script_is was called <strong>incorrectly</strong>. Scripts and styles should not be registered or enqueued until the <code>wp_enqueue_scripts</code>, <code>admin_enqueue_scripts</code>, or <code>login_enqueue_scripts</code> hooks. This notice was triggered by the <code>photoswipe-ui-default</code> handle. Please see <a href="https://developer.wordpress.org/advanced-administration/debug/debug-wordpress/">Debugging in WordPress</a> for more information. (This message was added in version 3.3.0.) in /Users/dominikgajdos/Local Sites/brandlyelidominik/app/public/wp-includes/functions.php on line 6121
[30-Oct-2025 14:50:52 UTC] PHP Notice:  Function wp_script_is was called <strong>incorrectly</strong>. Scripts and styles should not be registered or enqueued until the <code>wp_enqueue_scripts</code>, <code>admin_enqueue_scripts</code>, or <code>login_enqueue_scripts</code> hooks. This notice was triggered by the <code>prettyPhoto</code> handle. Please see <a href="https://developer.wordpress.org/advanced-administration/debug/debug-wordpress/">Debugging in WordPress</a> for more information. (This message was added in version 3.3.0.) in /Users/dominikgajdos/Local Sites/brandlyelidominik/app/public/wp-includes/functions.php on line 6121
[30-Oct-2025 14:50:52 UTC] PHP Notice:  Function wp_script_is was called <strong>incorrectly</strong>. Scripts and styles should not be registered or enqueued until the <code>wp_enqueue_scripts</code>, <code>admin_enqueue_scripts</code>, or <code>login_enqueue_scripts</code> hooks. This notice was triggered by the <code>prettyPhoto-init</code> handle. Please see <a href="https://developer.wordpress.org/advanced-administration/debug/debug-wordpress/">Debugging in WordPress</a> for more information. (This message was added in version 3.3.0.) in /Users/dominikgajdos/Local Sites/brandlyelidominik/app/public/wp-includes/functions.php on line 6121
[30-Oct-2025 14:50:52 UTC] PHP Notice:  Function wp_script_is was called <strong>incorrectly</strong>. Scripts and styles should not be registered or enqueued until the <code>wp_enqueue_scripts</code>, <code>admin_enqueue_scripts</code>, or <code>login_enqueue_scripts</code> hooks. This notice was triggered by the <code>select2</code> handle. Please see <a href="https://developer.wordpress.org/advanced-administration/debug/debug-wordpress/">Debugging in WordPress</a> for more information. (This message was added in version 3.3.0.) in /Users/dominikgajdos/Local Sites/brandlyelidominik/app/public/wp-includes/functions.php on line 6121
[30-Oct-2025 14:50:52 UTC] PHP Notice:  Function wp_script_is was called <strong>incorrectly</strong>. Scripts and styles should not be registered or enqueued until the <code>wp_enqueue_scripts</code>, <code>admin_enqueue_scripts</code>, or <code>login_enqueue_scripts</code> hooks. This notice was triggered by the <code>zoom</code> handle. Please see <a href="https://developer.wordpress.org/advanced-administration/debug/debug-wordpress/">Debugging in WordPress</a> for more information. (This message was added in version 3.3.0.) in /Users/dominikgajdos/Local Sites/brandlyelidominik/app/public/wp-includes/functions.php on line 6121
[30-Oct-2025 14:50:54 UTC] missing_token Unable to send request to WooCommerce Tax server. WordPress.com token is missing (fetch_service_schemas_from_connect_server)
[30-Oct-2025 14:50:57 UTC] missing_token Unable to send request to WooCommerce Tax server. WordPress.com token is missing (fetch_service_schemas_from_connect_server)
[30-Oct-2025 14:50:58 UTC] missing_token Unable to send request to WooCommerce Tax server. WordPress.com token is missing (fetch_service_schemas_from_connect_server)
[30-Oct-2025 14:51:05 UTC] missing_token Unable to send request to WooCommerce Tax server. WordPress.com token is missing (fetch_service_schemas_from_connect_server)
[30-Oct-2025 14:51:08 UTC] missing_token Unable to send request to WooCommerce Tax server. WordPress.com token is missing (fetch_service_schemas_from_connect_server)
[30-Oct-2025 14:51:17 UTC] missing_token Unable to send request to WooCommerce Tax server. WordPress.com token is missing (fetch_service_schemas_from_connect_server)
[30-Oct-2025 14:51:21 UTC] missing_token Unable to send request to WooCommerce Tax server. WordPress.com token is missing (fetch_service_schemas_from_connect_server)
[30-Oct-2025 14:51:31 UTC] missing_token Unable to send request to WooCommerce Tax server. WordPress.com token is missing (fetch_service_schemas_from_connect_server)
[30-Oct-2025 14:51:34 UTC] missing_token Unable to send request to WooCommerce Tax server. WordPress.com token is missing (fetch_service_schemas_from_connect_server)
[30-Oct-2025 14:51:37 UTC] missing_token Unable to send request to WooCommerce Tax server. WordPress.com token is missing (fetch_service_schemas_from_connect_server)
[30-Oct-2025 14:51:46 UTC] missing_token Unable to send request to WooCommerce Tax server. WordPress.com token is missing (fetch_service_schemas_from_connect_server)
[30-Oct-2025 14:51:51 UTC] missing_token Unable to send request to WooCommerce Tax server. WordPress.com token is missing (fetch_service_schemas_from_connect_server)
[30-Oct-2025 14:52:44 UTC] missing_token Unable to send request to WooCommerce Tax server. WordPress.com token is missing (fetch_service_schemas_from_connect_server)
[30-Oct-2025 14:52:47 UTC] missing_token Unable to send request to WooCommerce Tax server. WordPress.com token is missing (fetch_service_schemas_from_connect_server)
[30-Oct-2025 14:52:49 UTC] missing_token Unable to send request to WooCommerce Tax server. WordPress.com token is missing (fetch_service_schemas_from_connect_server)
[30-Oct-2025 14:53:32 UTC] missing_token Unable to send request to WooCommerce Tax server. WordPress.com token is missing (fetch_service_schemas_from_connect_server)
[30-Oct-2025 14:53:54 UTC] missing_token Unable to send request to WooCommerce Tax server. WordPress.com token is missing (fetch_service_schemas_from_connect_server)
[30-Oct-2025 14:53:57 UTC] missing_token Unable to send request to WooCommerce Tax server. WordPress.com token is missing (fetch_service_schemas_from_connect_server)
[30-Oct-2025 14:53:59 UTC] missing_token Unable to send request to WooCommerce Tax server. WordPress.com token is missing (fetch_service_schemas_from_connect_server)
[30-Oct-2025 14:54:23 UTC] missing_token Unable to send request to WooCommerce Tax server. WordPress.com token is missing (fetch_service_schemas_from_connect_server)
[30-Oct-2025 14:54:28 UTC] missing_token Unable to send request to WooCommerce Tax server. WordPress.com token is missing (fetch_service_schemas_from_connect_server)
[30-Oct-2025 14:54:52 UTC] missing_token Unable to send request to WooCommerce Tax server. WordPress.com token is missing (fetch_service_schemas_from_connect_server)
[30-Oct-2025 14:54:54 UTC] missing_token Unable to send request to WooCommerce Tax server. WordPress.com token is missing (fetch_service_schemas_from_connect_server)
[30-Oct-2025 14:54:56 UTC] missing_token Unable to send request to WooCommerce Tax server. WordPress.com token is missing (fetch_service_schemas_from_connect_server)
[30-Oct-2025 14:55:32 UTC] missing_token Unable to send request to WooCommerce Tax server. WordPress.com token is missing (fetch_service_schemas_from_connect_server)
[30-Oct-2025 14:57:17 UTC] missing_token Unable to send request to WooCommerce Tax server. WordPress.com token is missing (fetch_service_schemas_from_connect_server)
[30-Oct-2025 14:57:20 UTC] missing_token Unable to send request to WooCommerce Tax server. WordPress.com token is missing (fetch_service_schemas_from_connect_server)
[30-Oct-2025 14:57:22 UTC] missing_token Unable to send request to WooCommerce Tax server. WordPress.com token is missing (fetch_service_schemas_from_connect_server)
[30-Oct-2025 14:57:33 UTC] missing_token Unable to send request to WooCommerce Tax server. WordPress.com token is missing (fetch_service_schemas_from_connect_server)
[30-Oct-2025 14:58:22 UTC] missing_token Unable to send request to WooCommerce Tax server. WordPress.com token is missing (fetch_service_schemas_from_connect_server)
[30-Oct-2025 14:58:25 UTC] missing_token Unable to send request to WooCommerce Tax server. WordPress.com token is missing (fetch_service_schemas_from_connect_server)
[30-Oct-2025 14:58:27 UTC] missing_token Unable to send request to WooCommerce Tax server. WordPress.com token is missing (fetch_service_schemas_from_connect_server)
[30-Oct-2025 14:58:41 UTC] missing_token Unable to send request to WooCommerce Tax server. WordPress.com token is missing (fetch_service_schemas_from_connect_server)
[30-Oct-2025 14:58:44 UTC] missing_token Unable to send request to WooCommerce Tax server. WordPress.com token is missing (fetch_service_schemas_from_connect_server)
[30-Oct-2025 14:58:46 UTC] missing_token Unable to send request to WooCommerce Tax server. WordPress.com token is missing (fetch_service_schemas_from_connect_server)
[30-Oct-2025 14:58:53 UTC] missing_token Unable to send request to WooCommerce Tax server. WordPress.com token is missing (fetch_service_schemas_from_connect_server)
[30-Oct-2025 14:58:58 UTC] missing_token Unable to send request to WooCommerce Tax server. WordPress.com token is missing (fetch_service_schemas_from_connect_server)
[30-Oct-2025 14:59:25 UTC] missing_token Unable to send request to WooCommerce Tax server. WordPress.com token is missing (fetch_service_schemas_from_connect_server)
[30-Oct-2025 14:59:29 UTC] missing_token Unable to send request to WooCommerce Tax server. WordPress.com token is missing (fetch_service_schemas_from_connect_server)
[30-Oct-2025 14:59:34 UTC] missing_token Unable to send request to WooCommerce Tax server. WordPress.com token is missing (fetch_service_schemas_from_connect_server)
[30-Oct-2025 14:59:37 UTC] missing_token Unable to send request to WooCommerce Tax server. WordPress.com token is missing (fetch_service_schemas_from_connect_server)
[30-Oct-2025 14:59:39 UTC] missing_token Unable to send request to WooCommerce Tax server. WordPress.com token is missing (fetch_service_schemas_from_connect_server)
[30-Oct-2025 15:00:03 UTC] missing_token Unable to send request to WooCommerce Tax server. WordPress.com token is missing (fetch_service_schemas_from_connect_server)
[30-Oct-2025 15:00:08 UTC] missing_token Unable to send request to WooCommerce Tax server. WordPress.com token is missing (fetch_service_schemas_from_connect_server)
[30-Oct-2025 15:00:34 UTC] missing_token Unable to send request to WooCommerce Tax server. WordPress.com token is missing (fetch_service_schemas_from_connect_server)
[30-Oct-2025 15:00:37 UTC] missing_token Unable to send request to WooCommerce Tax server. WordPress.com token is missing (fetch_service_schemas_from_connect_server)
[30-Oct-2025 15:00:39 UTC] missing_token Unable to send request to WooCommerce Tax server. WordPress.com token is missing (fetch_service_schemas_from_connect_server)
[30-Oct-2025 15:00:44 UTC] missing_token Unable to send request to WooCommerce Tax server. WordPress.com token is missing (fetch_service_schemas_from_connect_server)
[30-Oct-2025 15:00:49 UTC] missing_token Unable to send request to WooCommerce Tax server. WordPress.com token is missing (fetch_service_schemas_from_connect_server)
[30-Oct-2025 15:01:35 UTC] missing_token Unable to send request to WooCommerce Tax server. WordPress.com token is missing (fetch_service_schemas_from_connect_server)
[30-Oct-2025 15:01:38 UTC] missing_token Unable to send request to WooCommerce Tax server. WordPress.com token is missing (fetch_service_schemas_from_connect_server)
[30-Oct-2025 15:01:45 UTC] missing_token Unable to send request to WooCommerce Tax server. WordPress.com token is missing (fetch_service_schemas_from_connect_server)
[30-Oct-2025 15:01:50 UTC] missing_token Unable to send request to WooCommerce Tax server. WordPress.com token is missing (fetch_service_schemas_from_connect_server)
[30-Oct-2025 15:02:48 UTC] missing_token Unable to send request to WooCommerce Tax server. WordPress.com token is missing (fetch_service_schemas_from_connect_server)
[30-Oct-2025 15:02:51 UTC] missing_token Unable to send request to WooCommerce Tax server. WordPress.com token is missing (fetch_service_schemas_from_connect_server)
[30-Oct-2025 15:02:52 UTC] missing_token Unable to send request to WooCommerce Tax server. WordPress.com token is missing (fetch_service_schemas_from_connect_server)
[30-Oct-2025 15:03:47 UTC] missing_token Unable to send request to WooCommerce Tax server. WordPress.com token is missing (fetch_service_schemas_from_connect_server)
[30-Oct-2025 15:03:50 UTC] missing_token Unable to send request to WooCommerce Tax server. WordPress.com token is missing (fetch_service_schemas_from_connect_server)
[30-Oct-2025 15:03:51 UTC] missing_token Unable to send request to WooCommerce Tax server. WordPress.com token is missing (fetch_service_schemas_from_connect_server)
[30-Oct-2025 15:06:07 UTC] missing_token Unable to send request to WooCommerce Tax server. WordPress.com token is missing (fetch_service_schemas_from_connect_server)
[30-Oct-2025 15:06:10 UTC] missing_token Unable to send request to WooCommerce Tax server. WordPress.com token is missing (fetch_service_schemas_from_connect_server)
[30-Oct-2025 15:06:12 UTC] missing_token Unable to send request to WooCommerce Tax server. WordPress.com token is missing (fetch_service_schemas_from_connect_server)
[30-Oct-2025 15:06:37 UTC] missing_token Unable to send request to WooCommerce Tax server. WordPress.com token is missing (fetch_service_schemas_from_connect_server)
[30-Oct-2025 15:06:40 UTC] missing_token Unable to send request to WooCommerce Tax server. WordPress.com token is missing (fetch_service_schemas_from_connect_server)
[30-Oct-2025 15:06:42 UTC] missing_token Unable to send request to WooCommerce Tax server. WordPress.com token is missing (fetch_service_schemas_from_connect_server)
[30-Oct-2025 15:07:11 UTC] missing_token Unable to send request to WooCommerce Tax server. WordPress.com token is missing (fetch_service_schemas_from_connect_server)
[30-Oct-2025 15:07:16 UTC] missing_token Unable to send request to WooCommerce Tax server. WordPress.com token is missing (fetch_service_schemas_from_connect_server)
[30-Oct-2025 15:07:50 UTC] missing_token Unable to send request to WooCommerce Tax server. WordPress.com token is missing (fetch_service_schemas_from_connect_server)
[30-Oct-2025 15:07:53 UTC] missing_token Unable to send request to WooCommerce Tax server. WordPress.com token is missing (fetch_service_schemas_from_connect_server)
[30-Oct-2025 15:07:55 UTC] missing_token Unable to send request to WooCommerce Tax server. WordPress.com token is missing (fetch_service_schemas_from_connect_server)
[30-Oct-2025 15:08:57 UTC] missing_token Unable to send request to WooCommerce Tax server. WordPress.com token is missing (fetch_service_schemas_from_connect_server)
[30-Oct-2025 15:09:00 UTC] missing_token Unable to send request to WooCommerce Tax server. WordPress.com token is missing (fetch_service_schemas_from_connect_server)
[30-Oct-2025 15:09:02 UTC] missing_token Unable to send request to WooCommerce Tax server. WordPress.com token is missing (fetch_service_schemas_from_connect_server)
[30-Oct-2025 15:09:05 UTC] missing_token Unable to send request to WooCommerce Tax server. WordPress.com token is missing (fetch_service_schemas_from_connect_server)
[30-Oct-2025 15:09:07 UTC] missing_token Unable to send request to WooCommerce Tax server. WordPress.com token is missing (fetch_service_schemas_from_connect_server)
[30-Oct-2025 15:09:11 UTC] missing_token Unable to send request to WooCommerce Tax server. WordPress.com token is missing (fetch_service_schemas_from_connect_server)
[30-Oct-2025 15:10:53 UTC] missing_token Unable to send request to WooCommerce Tax server. WordPress.com token is missing (fetch_service_schemas_from_connect_server)
[30-Oct-2025 15:10:56 UTC] missing_token Unable to send request to WooCommerce Tax server. WordPress.com token is missing (fetch_service_schemas_from_connect_server)
[30-Oct-2025 15:10:58 UTC] missing_token Unable to send request to WooCommerce Tax server. WordPress.com token is missing (fetch_service_schemas_from_connect_server)
[30-Oct-2025 15:11:01 UTC] missing_token Unable to send request to WooCommerce Tax server. WordPress.com token is missing (fetch_service_schemas_from_connect_server)
[30-Oct-2025 15:11:05 UTC] missing_token Unable to send request to WooCommerce Tax server. WordPress.com token is missing (fetch_service_schemas_from_connect_server)
[30-Oct-2025 15:11:06 UTC] missing_token Unable to send request to WooCommerce Tax server. WordPress.com token is missing (fetch_service_schemas_from_connect_server)
[30-Oct-2025 15:11:09 UTC] missing_token Unable to send request to WooCommerce Tax server. WordPress.com token is missing (fetch_service_schemas_from_connect_server)
[30-Oct-2025 15:11:16 UTC] missing_token Unable to send request to WooCommerce Tax server. WordPress.com token is missing (fetch_service_schemas_from_connect_server)
[30-Oct-2025 15:11:21 UTC] missing_token Unable to send request to WooCommerce Tax server. WordPress.com token is missing (fetch_service_schemas_from_connect_server)
[30-Oct-2025 15:12:08 UTC] missing_token Unable to send request to WooCommerce Tax server. WordPress.com token is missing (fetch_service_schemas_from_connect_server)
[30-Oct-2025 15:12:11 UTC] missing_token Unable to send request to WooCommerce Tax server. WordPress.com token is missing (fetch_service_schemas_from_connect_server)
[30-Oct-2025 15:12:13 UTC] missing_token Unable to send request to WooCommerce Tax server. WordPress.com token is missing (fetch_service_schemas_from_connect_server)
[30-Oct-2025 15:12:18 UTC] missing_token Unable to send request to WooCommerce Tax server. WordPress.com token is missing (fetch_service_schemas_from_connect_server)
[30-Oct-2025 15:12:19 UTC] missing_token Unable to send request to WooCommerce Tax server. WordPress.com token is missing (fetch_service_schemas_from_connect_server)
[30-Oct-2025 15:12:24 UTC] missing_token Unable to send request to WooCommerce Tax server. WordPress.com token is missing (fetch_service_schemas_from_connect_server)
[30-Oct-2025 15:12:49 UTC] missing_token Unable to send request to WooCommerce Tax server. WordPress.com token is missing (fetch_service_schemas_from_connect_server)
[30-Oct-2025 15:12:52 UTC] missing_token Unable to send request to WooCommerce Tax server. WordPress.com token is missing (fetch_service_schemas_from_connect_server)
[30-Oct-2025 15:12:53 UTC] missing_token Unable to send request to WooCommerce Tax server. WordPress.com token is missing (fetch_service_schemas_from_connect_server)
[30-Oct-2025 15:13:05 UTC] missing_token Unable to send request to WooCommerce Tax server. WordPress.com token is missing (fetch_service_schemas_from_connect_server)
[30-Oct-2025 15:13:42 UTC] missing_token Unable to send request to WooCommerce Tax server. WordPress.com token is missing (fetch_service_schemas_from_connect_server)
[30-Oct-2025 15:13:43 UTC] missing_token Unable to send request to WooCommerce Tax server. WordPress.com token is missing (fetch_service_schemas_from_connect_server)
[30-Oct-2025 15:13:47 UTC] missing_token Unable to send request to WooCommerce Tax server. WordPress.com token is missing (fetch_service_schemas_from_connect_server)
[30-Oct-2025 15:13:48 UTC] missing_token Unable to send request to WooCommerce Tax server. WordPress.com token is missing (fetch_service_schemas_from_connect_server)
[30-Oct-2025 15:13:51 UTC] missing_token Unable to send request to WooCommerce Tax server. WordPress.com token is missing (fetch_service_schemas_from_connect_server)
[30-Oct-2025 15:14:06 UTC] missing_token Unable to send request to WooCommerce Tax server. WordPress.com token is missing (fetch_service_schemas_from_connect_server)
[30-Oct-2025 15:14:10 UTC] missing_token Unable to send request to WooCommerce Tax server. WordPress.com token is missing (fetch_service_schemas_from_connect_server)
[30-Oct-2025 15:14:19 UTC] missing_token Unable to send request to WooCommerce Tax server. WordPress.com token is missing (fetch_service_schemas_from_connect_server)
[30-Oct-2025 15:14:56 UTC] missing_token Unable to send request to WooCommerce Tax server. WordPress.com token is missing (fetch_service_schemas_from_connect_server)
[30-Oct-2025 15:14:59 UTC] missing_token Unable to send request to WooCommerce Tax server. WordPress.com token is missing (fetch_service_schemas_from_connect_server)
[30-Oct-2025 15:14:59 UTC] missing_token Unable to send request to WooCommerce Tax server. WordPress.com token is missing (fetch_service_schemas_from_connect_server)
[30-Oct-2025 15:15:05 UTC] missing_token Unable to send request to WooCommerce Tax server. WordPress.com token is missing (fetch_service_schemas_from_connect_server)
[30-Oct-2025 15:15:06 UTC] missing_token Unable to send request to WooCommerce Tax server. WordPress.com token is missing (fetch_service_schemas_from_connect_server)
[30-Oct-2025 15:15:19 UTC] missing_token Unable to send request to WooCommerce Tax server. WordPress.com token is missing (fetch_service_schemas_from_connect_server)
[30-Oct-2025 15:15:19 UTC] missing_token Unable to send request to WooCommerce Tax server. WordPress.com token is missing (fetch_service_schemas_from_connect_server)
[30-Oct-2025 15:15:25 UTC] missing_token Unable to send request to WooCommerce Tax server. WordPress.com token is missing (fetch_service_schemas_from_connect_server)
[30-Oct-2025 15:15:39 UTC] missing_token Unable to send request to WooCommerce Tax server. WordPress.com token is missing (fetch_service_schemas_from_connect_server)
[30-Oct-2025 15:15:42 UTC] missing_token Unable to send request to WooCommerce Tax server. WordPress.com token is missing (fetch_service_schemas_from_connect_server)
[30-Oct-2025 15:15:44 UTC] missing_token Unable to send request to WooCommerce Tax server. WordPress.com token is missing (fetch_service_schemas_from_connect_server)
[30-Oct-2025 15:15:56 UTC] missing_token Unable to send request to WooCommerce Tax server. WordPress.com token is missing (fetch_service_schemas_from_connect_server)
[30-Oct-2025 15:16:02 UTC] missing_token Unable to send request to WooCommerce Tax server. WordPress.com token is missing (fetch_service_schemas_from_connect_server)
[30-Oct-2025 15:16:02 UTC] missing_token Unable to send request to WooCommerce Tax server. WordPress.com token is missing (fetch_service_schemas_from_connect_server)
[30-Oct-2025 15:16:06 UTC] missing_token Unable to send request to WooCommerce Tax server. WordPress.com token is missing (fetch_service_schemas_from_connect_server)
[30-Oct-2025 15:17:05 UTC] missing_token Unable to send request to WooCommerce Tax server. WordPress.com token is missing (fetch_service_schemas_from_connect_server)
[30-Oct-2025 15:17:08 UTC] missing_token Unable to send request to WooCommerce Tax server. WordPress.com token is missing (fetch_service_schemas_from_connect_server)
[30-Oct-2025 15:17:10 UTC] missing_token Unable to send request to WooCommerce Tax server. WordPress.com token is missing (fetch_service_schemas_from_connect_server)
[30-Oct-2025 15:17:13 UTC] missing_token Unable to send request to WooCommerce Tax server. WordPress.com token is missing (fetch_service_schemas_from_connect_server)
[30-Oct-2025 15:17:21 UTC] missing_token Unable to send request to WooCommerce Tax server. WordPress.com token is missing (fetch_service_schemas_from_connect_server)
[30-Oct-2025 15:17:43 UTC] missing_token Unable to send request to WooCommerce Tax server. WordPress.com token is missing (fetch_service_schemas_from_connect_server)
[30-Oct-2025 15:17:45 UTC] missing_token Unable to send request to WooCommerce Tax server. WordPress.com token is missing (fetch_service_schemas_from_connect_server)
[30-Oct-2025 15:18:11 UTC] missing_token Unable to send request to WooCommerce Tax server. WordPress.com token is missing (fetch_service_schemas_from_connect_server)
[30-Oct-2025 15:18:35 UTC] missing_token Unable to send request to WooCommerce Tax server. WordPress.com token is missing (fetch_service_schemas_from_connect_server)
[30-Oct-2025 15:18:38 UTC] missing_token Unable to send request to WooCommerce Tax server. WordPress.com token is missing (fetch_service_schemas_from_connect_server)
[30-Oct-2025 15:18:40 UTC] missing_token Unable to send request to WooCommerce Tax server. WordPress.com token is missing (fetch_service_schemas_from_connect_server)
[30-Oct-2025 15:18:42 UTC] missing_token Unable to send request to WooCommerce Tax server. WordPress.com token is missing (fetch_service_schemas_from_connect_server)
[30-Oct-2025 15:18:52 UTC] missing_token Unable to send request to WooCommerce Tax server. WordPress.com token is missing (fetch_service_schemas_from_connect_server)
[30-Oct-2025 15:18:59 UTC] missing_token Unable to send request to WooCommerce Tax server. WordPress.com token is missing (fetch_service_schemas_from_connect_server)
[30-Oct-2025 15:18:59 UTC] missing_token Unable to send request to WooCommerce Tax server. WordPress.com token is missing (fetch_service_schemas_from_connect_server)
[30-Oct-2025 15:19:02 UTC] missing_token Unable to send request to WooCommerce Tax server. WordPress.com token is missing (fetch_service_schemas_from_connect_server)
[30-Oct-2025 15:19:02 UTC] missing_token Unable to send request to WooCommerce Tax server. WordPress.com token is missing (fetch_service_schemas_from_connect_server)
[30-Oct-2025 15:19:05 UTC] missing_token Unable to send request to WooCommerce Tax server. WordPress.com token is missing (fetch_service_schemas_from_connect_server)
[30-Oct-2025 15:19:05 UTC] missing_token Unable to send request to WooCommerce Tax server. WordPress.com token is missing (fetch_service_schemas_from_connect_server)
[30-Oct-2025 15:19:08 UTC] missing_token Unable to send request to WooCommerce Tax server. WordPress.com token is missing (fetch_service_schemas_from_connect_server)
[30-Oct-2025 15:19:08 UTC] missing_token Unable to send request to WooCommerce Tax server. WordPress.com token is missing (fetch_service_schemas_from_connect_server)
[30-Oct-2025 15:19:11 UTC] missing_token Unable to send request to WooCommerce Tax server. WordPress.com token is missing (fetch_service_schemas_from_connect_server)
[30-Oct-2025 15:19:14 UTC] missing_token Unable to send request to WooCommerce Tax server. WordPress.com token is missing (fetch_service_schemas_from_connect_server)
[30-Oct-2025 15:19:18 UTC] missing_token Unable to send request to WooCommerce Tax server. WordPress.com token is missing (fetch_service_schemas_from_connect_server)
[30-Oct-2025 15:19:21 UTC] missing_token Unable to send request to WooCommerce Tax server. WordPress.com token is missing (fetch_service_schemas_from_connect_server)
[30-Oct-2025 15:19:25 UTC] missing_token Unable to send request to WooCommerce Tax server. WordPress.com token is missing (fetch_service_schemas_from_connect_server)
[30-Oct-2025 15:19:26 UTC] missing_token Unable to send request to WooCommerce Tax server. WordPress.com token is missing (fetch_service_schemas_from_connect_server)
[30-Oct-2025 15:19:28 UTC] missing_token Unable to send request to WooCommerce Tax server. WordPress.com token is missing (fetch_service_schemas_from_connect_server)
[30-Oct-2025 15:19:30 UTC] missing_token Unable to send request to WooCommerce Tax server. WordPress.com token is missing (fetch_service_schemas_from_connect_server)
[30-Oct-2025 15:19:31 UTC] missing_token Unable to send request to WooCommerce Tax server. WordPress.com token is missing (fetch_service_schemas_from_connect_server)
[30-Oct-2025 15:19:37 UTC] PHP Deprecated:  Function wp_enqueue_script was called with an argument that is <strong>deprecated</strong> since version 10.3.0! Please use the new handle wc-select2 in place of the previous handle select2. in /Users/dominikgajdos/Local Sites/brandlyelidominik/app/public/wp-includes/functions.php on line 6121
[30-Oct-2025 15:19:39 UTC] missing_token Unable to send request to WooCommerce Tax server. WordPress.com token is missing (fetch_service_schemas_from_connect_server)
[30-Oct-2025 15:19:39 UTC] missing_token Unable to send request to WooCommerce Tax server. WordPress.com token is missing (fetch_service_schemas_from_connect_server)
[30-Oct-2025 15:19:42 UTC] missing_token Unable to send request to WooCommerce Tax server. WordPress.com token is missing (fetch_service_schemas_from_connect_server)
[30-Oct-2025 15:19:45 UTC] missing_token Unable to send request to WooCommerce Tax server. WordPress.com token is missing (fetch_service_schemas_from_connect_server)
[30-Oct-2025 15:19:48 UTC] missing_token Unable to send request to WooCommerce Tax server. WordPress.com token is missing (fetch_service_schemas_from_connect_server)
[30-Oct-2025 15:19:52 UTC] missing_token Unable to send request to WooCommerce Tax server. WordPress.com token is missing (fetch_service_schemas_from_connect_server)
[30-Oct-2025 15:19:55 UTC] missing_token Unable to send request to WooCommerce Tax server. WordPress.com token is missing (fetch_service_schemas_from_connect_server)
[30-Oct-2025 15:19:58 UTC] missing_token Unable to send request to WooCommerce Tax server. WordPress.com token is missing (fetch_service_schemas_from_connect_server)
[30-Oct-2025 15:19:58 UTC] missing_token Unable to send request to WooCommerce Tax server. WordPress.com token is missing (fetch_service_schemas_from_connect_server)
[30-Oct-2025 15:20:01 UTC] missing_token Unable to send request to WooCommerce Tax server. WordPress.com token is missing (fetch_service_schemas_from_connect_server)
[30-Oct-2025 15:20:14 UTC] missing_token Unable to send request to WooCommerce Tax server. WordPress.com token is missing (fetch_service_schemas_from_connect_server)
[30-Oct-2025 15:20:14 UTC] missing_token Unable to send request to WooCommerce Tax server. WordPress.com token is missing (fetch_service_schemas_from_connect_server)
[30-Oct-2025 15:20:24 UTC] missing_token Unable to send request to WooCommerce Tax server. WordPress.com token is missing (fetch_service_schemas_from_connect_server)
[30-Oct-2025 15:20:24 UTC] missing_token Unable to send request to WooCommerce Tax server. WordPress.com token is missing (fetch_service_schemas_from_connect_server)
[30-Oct-2025 15:20:27 UTC] missing_token Unable to send request to WooCommerce Tax server. WordPress.com token is missing (fetch_service_schemas_from_connect_server)
[30-Oct-2025 15:20:27 UTC] missing_token Unable to send request to WooCommerce Tax server. WordPress.com token is missing (fetch_service_schemas_from_connect_server)
[30-Oct-2025 15:20:30 UTC] missing_token Unable to send request to WooCommerce Tax server. WordPress.com token is missing (fetch_service_schemas_from_connect_server)
[30-Oct-2025 15:20:30 UTC] missing_token Unable to send request to WooCommerce Tax server. WordPress.com token is missing (fetch_service_schemas_from_connect_server)
[30-Oct-2025 15:20:33 UTC] missing_token Unable to send request to WooCommerce Tax server. WordPress.com token is missing (fetch_service_schemas_from_connect_server)
[30-Oct-2025 15:20:33 UTC] missing_token Unable to send request to WooCommerce Tax server. WordPress.com token is missing (fetch_service_schemas_from_connect_server)
[30-Oct-2025 15:20:38 UTC] missing_token Unable to send request to WooCommerce Tax server. WordPress.com token is missing (fetch_service_schemas_from_connect_server)
[30-Oct-2025 15:20:41 UTC] missing_token Unable to send request to WooCommerce Tax server. WordPress.com token is missing (fetch_service_schemas_from_connect_server)
